<?xml version="1.0" encoding="UTF-8"?>
<!-- Generated by org.testng.reporters.JUnitReportReporter -->
<testsuite hostname="LAPTOP-2QP8EQBC" failures="0" tests="1" name="loginTest.LoginBaseTest" time="3.218" errors="0" timestamp="2021-10-24T11:30:55 CDT" skipped="0">
  <testcase classname="loginTest.LoginBaseTest" name="invalidLoginTest" time="3.218"/>
</testsuite> <!-- loginTest.LoginBaseTest -->
