<?xml version="1.0" encoding="UTF-8"?>
<!-- Generated by org.testng.reporters.JUnitReportReporter -->
<testsuite hostname="LAPTOP-2QP8EQBC" failures="0" tests="2" name="loginTest.LoginTest" time="0.021" errors="0" timestamp="2021-10-30T11:56:54 CDT" skipped="0">
  <testcase classname="loginTest.LoginTest" name="test2" time="0.004"/>
  <testcase classname="loginTest.LoginTest" name="test1" time="0.017"/>
</testsuite> <!-- loginTest.LoginTest -->
