<?xml version="1.0" encoding="UTF-8"?>
<!-- Generated by org.testng.reporters.JUnitReportReporter -->
<testsuite hostname="LAPTOP-2QP8EQBC" failures="0" tests="3" name="loginTest.LoginNegativeTest" time="1.822" errors="0" timestamp="2021-11-05T10:46:57 CDT" skipped="0">
  <testcase classname="loginTest.LoginNegativeTest" name="invalidLoginTest" time="0.203"/>
  <testcase classname="loginTest.LoginNegativeTest" name="invalidPasswordTest" time="0.819"/>
  <testcase classname="loginTest.LoginNegativeTest" name="invalidUserNameTest" time="0.800"/>
</testsuite> <!-- loginTest.LoginNegativeTest -->
